<?xml version="1.0" encoding="UTF-8"?>
<!-- Generated by org.testng.reporters.JUnitXMLReporter -->
<testsuite ignored="0" hostname="BAHUBALI-HP" failures="0" tests="13" name="Default test" time="40.63" errors="0" timestamp="2024-10-14T23:48:42 IST">
  <testcase classname="mmtTest.mmtTest" name="@BeforeMethod launch" time="5.789">
    <failure type="org.openqa.selenium.remote.NoSuchDriverException" message="Unable to obtain: chromedriver, error Command failed with code: -1073741819, executed: [--browser, chrome, --language-binding, java, --output, json]

Build info: version: &amp;apos;4.23.0&amp;apos;, revision: &amp;apos;4df0a231af&amp;apos;
System info: os.name: &amp;apos;Windows 10&amp;apos;, os.arch: &amp;apos;amd64&amp;apos;, os.version: &amp;apos;10.0&amp;apos;, java.version: &amp;apos;22.0.1&amp;apos;
Driver info: driver.version: ChromeDriver">
      <![CDATA[org.openqa.selenium.remote.NoSuchDriverException: Unable to obtain: chromedriver, error Command failed with code: -1073741819, executed: [--browser, chrome, --language-binding, java, --output, json]

Build info: version: '4.23.0', revision: '4df0a231af'
System info: os.name: 'Windows 10', os.arch: 'amd64', os.version: '10.0', java.version: '22.0.1'
Driver info: driver.version: ChromeDriver
at org.openqa.selenium.remote.service.DriverFinder.getBinaryPaths(DriverFinder.java:121)
at org.openqa.selenium.remote.service.DriverFinder.getDriverPath(DriverFinder.java:55)
at org.openqa.selenium.chrome.ChromeDriver.generateExecutor(ChromeDriver.java:99)
at org.openqa.selenium.chrome.ChromeDriver.<init>(ChromeDriver.java:88)
at org.openqa.selenium.chrome.ChromeDriver.<init>(ChromeDriver.java:83)
at org.openqa.selenium.chrome.ChromeDriver.<init>(ChromeDriver.java:72)
at mmtBase.base.launchBrowser(base.java:22)
at mmtTest.mmtTest.launch(mmtTest.java:30)
at java.base/jdk.internal.reflect.DirectMethodHandleAccessor.invoke(DirectMethodHandleAccessor.java:103)
at java.base/java.lang.reflect.Method.invoke(Method.java:580)
at org.testng.internal.MethodInvocationHelper.invokeMethod(MethodInvocationHelper.java:133)
at org.testng.internal.MethodInvocationHelper.invokeMethodConsideringTimeout(MethodInvocationHelper.java:62)
at org.testng.internal.ConfigInvoker.invokeConfigurationMethod(ConfigInvoker.java:385)
at org.testng.internal.ConfigInvoker.invokeConfigurations(ConfigInvoker.java:321)
at org.testng.internal.TestInvoker.runConfigMethods(TestInvoker.java:700)
at org.testng.internal.TestInvoker.invokeMethod(TestInvoker.java:527)
at org.testng.internal.TestInvoker.invokeTestMethod(TestInvoker.java:173)
at org.testng.internal.MethodRunner.runInSequence(MethodRunner.java:46)
at org.testng.internal.TestInvoker$MethodInvocationAgent.invoke(TestInvoker.java:824)
at org.testng.internal.TestInvoker.invokeTestMethods(TestInvoker.java:146)
at org.testng.internal.TestMethodWorker.invokeTestMethods(TestMethodWorker.java:146)
at org.testng.internal.TestMethodWorker.run(TestMethodWorker.java:128)
at java.base/java.util.ArrayList.forEach(ArrayList.java:1597)
at org.testng.TestRunner.privateRun(TestRunner.java:794)
at org.testng.TestRunner.run(TestRunner.java:596)
at org.testng.SuiteRunner.runTest(SuiteRunner.java:377)
at org.testng.SuiteRunner.runSequentially(SuiteRunner.java:371)
at org.testng.SuiteRunner.privateRun(SuiteRunner.java:332)
at org.testng.SuiteRunner.run(SuiteRunner.java:276)
at org.testng.SuiteRunnerWorker.runSuite(SuiteRunnerWorker.java:53)
at org.testng.SuiteRunnerWorker.run(SuiteRunnerWorker.java:96)
at org.testng.TestNG.runSuitesSequentially(TestNG.java:1212)
at org.testng.TestNG.runSuitesLocally(TestNG.java:1134)
at org.testng.TestNG.runSuites(TestNG.java:1063)
at org.testng.TestNG.run(TestNG.java:1031)
at org.testng.remote.AbstractRemoteTestNG.run(AbstractRemoteTestNG.java:115)
at org.testng.remote.RemoteTestNG.initAndRun(RemoteTestNG.java:293)
at org.testng.remote.RemoteTestNG.main(RemoteTestNG.java:91)
Caused by: org.openqa.selenium.WebDriverException: Command failed with code: -1073741819, executed: [--browser, chrome, --language-binding, java, --output, json]

Build info: version: '4.23.0', revision: '4df0a231af'
System info: os.name: 'Windows 10', os.arch: 'amd64', os.version: '10.0', java.version: '22.0.1'
Driver info: driver.version: ChromeDriver
at org.openqa.selenium.manager.SeleniumManager.runCommand(SeleniumManager.java:170)
at org.openqa.selenium.manager.SeleniumManager.getBinaryPaths(SeleniumManager.java:247)
at org.openqa.selenium.remote.service.DriverFinder.getBinaryPaths(DriverFinder.java:102)
... 37 more
]]>
    </failure>
  </testcase> <!-- @BeforeMethod launch -->
  <testcase classname="mmtTest.mmtTest" name="@AfterMethod closeApplication" time="-1.728929922141E9">
    <skipped/>
  </testcase> <!-- @AfterMethod closeApplication -->
  <testcase classname="mmtTest.mmtTest" name="@BeforeMethod launch" time="-1.728929922144E9">
    <skipped/>
  </testcase> <!-- @BeforeMethod launch -->
  <testcase classname="mmtTest.mmtTest" name="@AfterMethod closeApplication" time="-1.728929922152E9">
    <skipped/>
  </testcase> <!-- @AfterMethod closeApplication -->
  <testcase classname="mmtTest.mmtTest" name="@BeforeMethod launch" time="-1.728929922155E9">
    <skipped/>
  </testcase> <!-- @BeforeMethod launch -->
  <testcase classname="mmtTest.mmtTest" name="@AfterMethod closeApplication" time="-1.72892992216E9">
    <skipped/>
  </testcase> <!-- @AfterMethod closeApplication -->
  <testcase classname="mmtTest.mmtTest" name="@BeforeMethod launch" time="-1.728929922162E9">
    <skipped/>
  </testcase> <!-- @BeforeMethod launch -->
  <testcase classname="mmtTest.mmtTest" name="@AfterMethod closeApplication" time="-1.728929922169E9">
    <skipped/>
  </testcase> <!-- @AfterMethod closeApplication -->
  <testcase classname="mmtTest.mmtTest" name="@BeforeMethod launch" time="-1.728929922171E9">
    <skipped/>
  </testcase> <!-- @BeforeMethod launch -->
  <testcase classname="mmtTest.mmtTest" name="@AfterMethod closeApplication" time="-1.72892992218E9">
    <skipped/>
  </testcase> <!-- @AfterMethod closeApplication -->
  <testcase classname="mmtTest.mmtTest" name="@BeforeMethod launch" time="-1.728929922185E9">
    <skipped/>
  </testcase> <!-- @BeforeMethod launch -->
  <testcase classname="mmtTest.mmtTest" name="@AfterMethod closeApplication" time="-1.728929922191E9">
    <skipped/>
  </testcase> <!-- @AfterMethod closeApplication -->
  <testcase classname="mmtTest.mmtTest" name="@BeforeMethod launch" time="-1.728929922194E9">
    <skipped/>
  </testcase> <!-- @BeforeMethod launch -->
  <testcase classname="mmtTest.mmtTest" name="@AfterMethod closeApplication" time="-1.728929922215E9">
    <skipped/>
  </testcase> <!-- @AfterMethod closeApplication -->
  <testcase classname="mmtTest.mmtTest" name="@BeforeMethod launch" time="-1.728929922217E9">
    <skipped/>
  </testcase> <!-- @BeforeMethod launch -->
  <testcase classname="mmtTest.mmtTest" name="@AfterMethod closeApplication" time="-1.728929922225E9">
    <skipped/>
  </testcase> <!-- @AfterMethod closeApplication -->
  <testcase classname="mmtTest.mmtTest" name="@BeforeMethod launch" time="-1.728929922227E9">
    <skipped/>
  </testcase> <!-- @BeforeMethod launch -->
  <testcase classname="mmtTest.mmtTest" name="@AfterMethod closeApplication" time="-1.728929922234E9">
    <skipped/>
  </testcase> <!-- @AfterMethod closeApplication -->
  <testcase classname="mmtTest.mmtTest" name="@BeforeMethod launch" time="-1.728929922236E9">
    <skipped/>
  </testcase> <!-- @BeforeMethod launch -->
  <testcase classname="mmtTest.mmtTest" name="@AfterMethod closeApplication" time="-1.72892992224E9">
    <skipped/>
  </testcase> <!-- @AfterMethod closeApplication -->
  <testcase classname="mmtTest.mmtTest" name="validateFlightsText" time="4.798"/>
  <testcase classname="mmtTest.mmtTest" name="validateHotelsText" time="3.249"/>
  <testcase classname="mmtTest.mmtTest" name="validateStaysText" time="3.17"/>
  <testcase classname="mmtTest.mmtTest" name="validateHolidayPackagesText" time="0.0">
    <skipped/>
  </testcase> <!-- validateHolidayPackagesText -->
  <testcase classname="mmtTest.mmtTest" name="validateTrainsText" time="0.0">
    <skipped/>
  </testcase> <!-- validateTrainsText -->
  <testcase classname="mmtTest.mmtTest" name="validateBusesText" time="0.0">
    <skipped/>
  </testcase> <!-- validateBusesText -->
  <testcase classname="mmtTest.mmtTest" name="validateCabsText" time="0.0">
    <skipped/>
  </testcase> <!-- validateCabsText -->
  <testcase classname="mmtTest.mmtTest" name="validateCardsText" time="0.0">
    <skipped/>
  </testcase> <!-- validateCardsText -->
  <testcase classname="mmtTest.mmtTest" name="validateInsuranceText" time="0.0">
    <skipped/>
  </testcase> <!-- validateInsuranceText -->
  <testcase classname="mmtTest.mmtTest" name="validateOneWauButtonText" time="0.0">
    <skipped/>
  </testcase> <!-- validateOneWauButtonText -->
  <testcase classname="mmtTest.mmtTest" name="validateMultiCityButtonText" time="0.0">
    <skipped/>
  </testcase> <!-- validateMultiCityButtonText -->
  <testcase classname="mmtTest.mmtTest" name="validateRoundTripButtonText" time="0.0">
    <skipped/>
  </testcase> <!-- validateRoundTripButtonText -->
  <testcase classname="mmtTest.mmtTest" name="clickOnRoundTripButton" time="0.0">
    <skipped/>
  </testcase> <!-- clickOnRoundTripButton -->
</testsuite> <!-- Default test -->
