<?xml version="1.0" encoding="UTF-8"?>
<!-- Generated by org.testng.reporters.JUnitXMLReporter -->
<testsuite ignored="0" hostname="BAHUBALI-HP" failures="0" tests="12" name="Test" time="38.825" errors="0" timestamp="2024-10-15T10:34:03 IST">
  <testcase classname="mmtTest.mmtTest" name="@BeforeMethod launch" time="0.88">
    <failure type="org.openqa.selenium.remote.NoSuchDriverException" message="Unable to obtain: chromedriver, error Command failed with code: -1073741819, executed: [--browser, chrome, --language-binding, java, --output, json]

Build info: version: &amp;apos;4.23.0&amp;apos;, revision: &amp;apos;4df0a231af&amp;apos;
System info: os.name: &amp;apos;Windows 10&amp;apos;, os.arch: &amp;apos;amd64&amp;apos;, os.version: &amp;apos;10.0&amp;apos;, java.version: &amp;apos;22.0.1&amp;apos;
Driver info: driver.version: ChromeDriver">
      <![CDATA[org.openqa.selenium.remote.NoSuchDriverException: Unable to obtain: chromedriver, error Command failed with code: -1073741819, executed: [--browser, chrome, --language-binding, java, --output, json]

Build info: version: '4.23.0', revision: '4df0a231af'
System info: os.name: 'Windows 10', os.arch: 'amd64', os.version: '10.0', java.version: '22.0.1'
Driver info: driver.version: ChromeDriver
at org.openqa.selenium.remote.service.DriverFinder.getBinaryPaths(DriverFinder.java:121)
at org.openqa.selenium.remote.service.DriverFinder.getDriverPath(DriverFinder.java:55)
at org.openqa.selenium.chrome.ChromeDriver.generateExecutor(ChromeDriver.java:99)
at org.openqa.selenium.chrome.ChromeDriver.<init>(ChromeDriver.java:88)
at org.openqa.selenium.chrome.ChromeDriver.<init>(ChromeDriver.java:83)
at org.openqa.selenium.chrome.ChromeDriver.<init>(ChromeDriver.java:72)
at mmtBase.base.launchBrowser(base.java:22)
at mmtTest.mmtTest.launch(mmtTest.java:30)
at java.base/java.util.ArrayList.forEach(ArrayList.java:1597)
Caused by: org.openqa.selenium.WebDriverException: Command failed with code: -1073741819, executed: [--browser, chrome, --language-binding, java, --output, json]

Build info: version: '4.23.0', revision: '4df0a231af'
System info: os.name: 'Windows 10', os.arch: 'amd64', os.version: '10.0', java.version: '22.0.1'
Driver info: driver.version: ChromeDriver
at org.openqa.selenium.manager.SeleniumManager.runCommand(SeleniumManager.java:170)
at org.openqa.selenium.manager.SeleniumManager.getBinaryPaths(SeleniumManager.java:247)
at org.openqa.selenium.remote.service.DriverFinder.getBinaryPaths(DriverFinder.java:102)
... 37 more
... Removed 29 stack frames]]>
    </failure>
  </testcase> <!-- @BeforeMethod launch -->
  <testcase classname="mmtTest.mmtTest" name="@AfterMethod closeApplication" time="-1.728968643284E9">
    <skipped/>
  </testcase> <!-- @AfterMethod closeApplication -->
  <testcase classname="mmtTest.mmtTest" name="@BeforeMethod launch" time="-1.728968643286E9">
    <skipped/>
  </testcase> <!-- @BeforeMethod launch -->
  <testcase classname="mmtTest.mmtTest" name="@AfterMethod closeApplication" time="-1.728968643296E9">
    <skipped/>
  </testcase> <!-- @AfterMethod closeApplication -->
  <testcase classname="mmtTest.mmtTest" name="@BeforeMethod launch" time="-1.728968643307E9">
    <skipped/>
  </testcase> <!-- @BeforeMethod launch -->
  <testcase classname="mmtTest.mmtTest" name="@AfterMethod closeApplication" time="-1.728968643314E9">
    <skipped/>
  </testcase> <!-- @AfterMethod closeApplication -->
  <testcase classname="mmtTest.mmtTest" name="@BeforeMethod launch" time="-1.728968643316E9">
    <skipped/>
  </testcase> <!-- @BeforeMethod launch -->
  <testcase classname="mmtTest.mmtTest" name="@AfterMethod closeApplication" time="-1.728968643329E9">
    <skipped/>
  </testcase> <!-- @AfterMethod closeApplication -->
  <testcase classname="mmtTest.mmtTest" name="@BeforeMethod launch" time="-1.728968643332E9">
    <skipped/>
  </testcase> <!-- @BeforeMethod launch -->
  <testcase classname="mmtTest.mmtTest" name="@AfterMethod closeApplication" time="-1.728968643347E9">
    <skipped/>
  </testcase> <!-- @AfterMethod closeApplication -->
  <testcase classname="mmtTest.mmtTest" name="@BeforeMethod launch" time="-1.728968643349E9">
    <skipped/>
  </testcase> <!-- @BeforeMethod launch -->
  <testcase classname="mmtTest.mmtTest" name="@AfterMethod closeApplication" time="-1.728968643361E9">
    <skipped/>
  </testcase> <!-- @AfterMethod closeApplication -->
  <testcase classname="mmtTest.mmtTest" name="@BeforeMethod launch" time="-1.728968643364E9">
    <skipped/>
  </testcase> <!-- @BeforeMethod launch -->
  <testcase classname="mmtTest.mmtTest" name="@AfterMethod closeApplication" time="-1.72896864337E9">
    <skipped/>
  </testcase> <!-- @AfterMethod closeApplication -->
  <testcase classname="mmtTest.mmtTest" name="@BeforeMethod launch" time="-1.728968643373E9">
    <skipped/>
  </testcase> <!-- @BeforeMethod launch -->
  <testcase classname="mmtTest.mmtTest" name="@AfterMethod closeApplication" time="-1.728968643378E9">
    <skipped/>
  </testcase> <!-- @AfterMethod closeApplication -->
  <testcase classname="mmtTest.mmtTest" name="@BeforeMethod launch" time="-1.72896864338E9">
    <skipped/>
  </testcase> <!-- @BeforeMethod launch -->
  <testcase classname="mmtTest.mmtTest" name="@AfterMethod closeApplication" time="-1.728968643391E9">
    <skipped/>
  </testcase> <!-- @AfterMethod closeApplication -->
  <testcase classname="mmtTest.mmtTest" name="validateFlightsText" time="3.661"/>
  <testcase classname="mmtTest.mmtTest" name="validateHotelsText" time="2.268"/>
  <testcase classname="mmtTest.mmtTest" name="validateStaysText" time="2.153"/>
  <testcase classname="mmtTest.mmtTest" name="validateHolidayPackagesText" time="0.0">
    <skipped/>
  </testcase> <!-- validateHolidayPackagesText -->
  <testcase classname="mmtTest.mmtTest" name="validateTrainsText" time="0.0">
    <skipped/>
  </testcase> <!-- validateTrainsText -->
  <testcase classname="mmtTest.mmtTest" name="validateBusesText" time="0.0">
    <skipped/>
  </testcase> <!-- validateBusesText -->
  <testcase classname="mmtTest.mmtTest" name="validateCabsText" time="0.0">
    <skipped/>
  </testcase> <!-- validateCabsText -->
  <testcase classname="mmtTest.mmtTest" name="validateCardsText" time="0.0">
    <skipped/>
  </testcase> <!-- validateCardsText -->
  <testcase classname="mmtTest.mmtTest" name="validateInsuranceText" time="0.0">
    <skipped/>
  </testcase> <!-- validateInsuranceText -->
  <testcase classname="mmtTest.mmtTest" name="validateOneWayButtonText" time="0.0">
    <skipped/>
  </testcase> <!-- validateOneWayButtonText -->
  <testcase classname="mmtTest.mmtTest" name="validateMultiCityButtonText" time="0.0">
    <skipped/>
  </testcase> <!-- validateMultiCityButtonText -->
  <testcase classname="mmtTest.mmtTest" name="validateRoundTripButtonText" time="0.0">
    <skipped/>
  </testcase> <!-- validateRoundTripButtonText -->
</testsuite> <!-- Test -->
