<?xml version="1.0" encoding="UTF-8"?>
<!-- Generated by org.testng.reporters.JUnitReportReporter -->
<testsuite hostname="BAHUBALI-HP" failures="0" tests="13" name="mmtTest.mmtTest" time="34.911" errors="1" timestamp="2024-10-18T19:35:25 IST" skipped="10">
  <testcase classname="mmtTest.mmtTest" name="validateFlightsText" time="18.642"/>
  <system-out>
    <![CDATA[get text flights
TC validateFlightsText Passed]]>
  </system-out>
  <testcase classname="mmtTest.mmtTest" name="validateHotelsText" time="15.087"/>
  <system-out>
    <![CDATA[get text hotels
TC validateHotelsText Passed]]>
  </system-out>
  <testcase classname="mmtTest.mmtTest" name="launch" time="1.182">
    <error message="Unable to obtain: chromedriver, error Command failed with code: -1073741819, executed: [--browser, chrome, --language-binding, java, --output, json]

Build info: version: &#039;4.23.0&#039;, revision: &#039;4df0a231af&#039;
System info: os.name: &#039;Windows 10&#039;, os.arch: &#039;amd64&#039;, os.version: &#039;10.0&#039;, java.version: &#039;22.0.1&#039;
Driver info: driver.version: ChromeDriver" type="org.openqa.selenium.remote.NoSuchDriverException">
      <![CDATA[org.openqa.selenium.remote.NoSuchDriverException: Unable to obtain: chromedriver, error Command failed with code: -1073741819, executed: [--browser, chrome, --language-binding, java, --output, json]

Build info: version: '4.23.0', revision: '4df0a231af'
System info: os.name: 'Windows 10', os.arch: 'amd64', os.version: '10.0', java.version: '22.0.1'
Driver info: driver.version: ChromeDriver
at org.openqa.selenium.remote.service.DriverFinder.getBinaryPaths(DriverFinder.java:121)
at org.openqa.selenium.remote.service.DriverFinder.getDriverPath(DriverFinder.java:55)
at org.openqa.selenium.chrome.ChromeDriver.generateExecutor(ChromeDriver.java:99)
at org.openqa.selenium.chrome.ChromeDriver.<init>(ChromeDriver.java:88)
at org.openqa.selenium.chrome.ChromeDriver.<init>(ChromeDriver.java:83)
at org.openqa.selenium.chrome.ChromeDriver.<init>(ChromeDriver.java:72)
at mmtBase.base.launchBrowser(base.java:22)
at mmtTest.mmtTest.launch(mmtTest.java:30)
at java.base/jdk.internal.reflect.DirectMethodHandleAccessor.invoke(DirectMethodHandleAccessor.java:103)
at java.base/java.lang.reflect.Method.invoke(Method.java:580)
at org.testng.internal.MethodInvocationHelper.invokeMethod(MethodInvocationHelper.java:133)
at org.testng.internal.MethodInvocationHelper.invokeMethodConsideringTimeout(MethodInvocationHelper.java:62)
at org.testng.internal.ConfigInvoker.invokeConfigurationMethod(ConfigInvoker.java:385)
at org.testng.internal.ConfigInvoker.invokeConfigurations(ConfigInvoker.java:321)
at org.testng.internal.TestInvoker.runConfigMethods(TestInvoker.java:700)
at org.testng.internal.TestInvoker.invokeMethod(TestInvoker.java:527)
at org.testng.internal.TestInvoker.invokeTestMethod(TestInvoker.java:173)
at org.testng.internal.MethodRunner.runInSequence(MethodRunner.java:46)
at org.testng.internal.TestInvoker$MethodInvocationAgent.invoke(TestInvoker.java:824)
at org.testng.internal.TestInvoker.invokeTestMethods(TestInvoker.java:146)
at org.testng.internal.TestMethodWorker.invokeTestMethods(TestMethodWorker.java:146)
at org.testng.internal.TestMethodWorker.run(TestMethodWorker.java:128)
at java.base/java.util.ArrayList.forEach(ArrayList.java:1597)
at org.testng.TestRunner.privateRun(TestRunner.java:794)
at org.testng.TestRunner.run(TestRunner.java:596)
at org.testng.SuiteRunner.runTest(SuiteRunner.java:377)
at org.testng.SuiteRunner.runSequentially(SuiteRunner.java:371)
at org.testng.SuiteRunner.privateRun(SuiteRunner.java:332)
at org.testng.SuiteRunner.run(SuiteRunner.java:276)
at org.testng.SuiteRunnerWorker.runSuite(SuiteRunnerWorker.java:53)
at org.testng.SuiteRunnerWorker.run(SuiteRunnerWorker.java:96)
at org.testng.TestNG.runSuitesSequentially(TestNG.java:1212)
at org.testng.TestNG.runSuitesLocally(TestNG.java:1134)
at org.testng.TestNG.runSuites(TestNG.java:1063)
at org.testng.TestNG.run(TestNG.java:1031)
at org.testng.remote.AbstractRemoteTestNG.run(AbstractRemoteTestNG.java:115)
at org.testng.remote.RemoteTestNG.initAndRun(RemoteTestNG.java:293)
at org.testng.remote.RemoteTestNG.main(RemoteTestNG.java:91)
Caused by: org.openqa.selenium.WebDriverException: Command failed with code: -1073741819, executed: [--browser, chrome, --language-binding, java, --output, json]

Build info: version: '4.23.0', revision: '4df0a231af'
System info: os.name: 'Windows 10', os.arch: 'amd64', os.version: '10.0', java.version: '22.0.1'
Driver info: driver.version: ChromeDriver
at org.openqa.selenium.manager.SeleniumManager.runCommand(SeleniumManager.java:170)
at org.openqa.selenium.manager.SeleniumManager.getBinaryPaths(SeleniumManager.java:247)
at org.openqa.selenium.remote.service.DriverFinder.getBinaryPaths(DriverFinder.java:102)
... 37 more
]]>
    </error>
  </testcase> <!-- launch -->
  <system-out/>
  <testcase classname="mmtTest.mmtTest" name="validateStaysText" time="0.000">
    <skipped/>
  </testcase> <!-- validateStaysText -->
  <system-out/>
  <testcase classname="mmtTest.mmtTest" name="validateHolidayPackagesText" time="0.000">
    <skipped/>
  </testcase> <!-- validateHolidayPackagesText -->
  <system-out/>
  <testcase classname="mmtTest.mmtTest" name="validateTrainsText" time="0.000">
    <skipped/>
  </testcase> <!-- validateTrainsText -->
  <system-out/>
  <testcase classname="mmtTest.mmtTest" name="validateBusesText" time="0.000">
    <skipped/>
  </testcase> <!-- validateBusesText -->
  <system-out/>
  <testcase classname="mmtTest.mmtTest" name="validateCabsText" time="0.000">
    <skipped/>
  </testcase> <!-- validateCabsText -->
  <system-out/>
  <testcase classname="mmtTest.mmtTest" name="validateCardsText" time="0.000">
    <skipped/>
  </testcase> <!-- validateCardsText -->
  <system-out/>
  <testcase classname="mmtTest.mmtTest" name="validateInsuranceText" time="0.000">
    <skipped/>
  </testcase> <!-- validateInsuranceText -->
  <system-out/>
  <testcase classname="mmtTest.mmtTest" name="validateOneWayButtonText" time="0.000">
    <skipped/>
  </testcase> <!-- validateOneWayButtonText -->
  <system-out/>
  <testcase classname="mmtTest.mmtTest" name="validateMultiCityButtonText" time="0.000">
    <skipped/>
  </testcase> <!-- validateMultiCityButtonText -->
  <system-out/>
  <testcase classname="mmtTest.mmtTest" name="validateRoundTripButtonText" time="0.000">
    <skipped/>
  </testcase> <!-- validateRoundTripButtonText -->
  <system-out/>
</testsuite> <!-- mmtTest.mmtTest -->
